Build started 9/8/2021 9:13:15 AM.
     1>Project "E:\iGraphics\iGraphics (tutorial)\200104046_Alistair Biswas\200104046_Alistair Biswas\200104046_Alistair Biswas.vcxproj" on node 2 (build target(s)).
     1>InitializeBuildStatus:
         Creating "Debug\200104046_Alistair Biswas.unsuccessfulbuild" because "AlwaysCreate" was specified.
       ClCompile:
         C:\Program Files (x86)\Microsoft Visual Studio 10.0\VC\bin\CL.exe /c /ZI /nologo /W3 /WX- /Od /Oy- /D _MBCS /Gm /EHsc /RTC1 /MDd /GS /fp:precise /Zc:wchar_t /Zc:forScope /Fo"Debug\\" /Fd"Debug\vc100.pdb" /Gd /TP /analyze- /errorReport:prompt iMain.cpp
         iMain.cpp
     1>e:\igraphics\igraphics (tutorial)\200104046_alistair biswas\200104046_alistair biswas\imain.cpp(22): warning C4996: 'sprintf': This function or variable may be unsafe. Consider using sprintf_s instead. To disable deprecation, use _CRT_SECURE_NO_WARNINGS. See online help for details.
                 c:\program files (x86)\microsoft visual studio 10.0\vc\include\stdio.h(371) : see declaration of 'sprintf'
       Link:
         C:\Program Files (x86)\Microsoft Visual Studio 10.0\VC\bin\link.exe /ERRORREPORT:PROMPT /OUT:"E:\iGraphics\iGraphics (tutorial)\200104046_Alistair Biswas\Debug\200104046_Alistair Biswas.exe" /NOLOGO kernel32.lib user32.lib gdi32.lib winspool.lib comdlg32.lib advapi32.lib shell32.lib ole32.lib oleaut32.lib uuid.lib odbc32.lib odbccp32.lib /MANIFEST /ManifestFile:"Debug\200104046_Alistair Biswas.exe.intermediate.manifest" /MANIFESTUAC:"level='asInvoker' uiAccess='false'" /DEBUG /PDB:"E:\iGraphics\iGraphics (tutorial)\200104046_Alistair Biswas\Debug\200104046_Alistair Biswas.pdb" /TLBID:1 /DYNAMICBASE /NXCOMPAT /IMPLIB:"E:\iGraphics\iGraphics (tutorial)\200104046_Alistair Biswas\Debug\200104046_Alistair Biswas.lib" /MACHINE:X86 Debug\iMain.obj
         LINK : E:\iGraphics\iGraphics (tutorial)\200104046_Alistair Biswas\Debug\200104046_Alistair Biswas.exe not found or not built by the last incremental link; performing full link
         200104046_Alistair Biswas.vcxproj -> E:\iGraphics\iGraphics (tutorial)\200104046_Alistair Biswas\Debug\200104046_Alistair Biswas.exe
       Manifest:
         C:\Program Files (x86)\Microsoft SDKs\Windows\v7.0A\bin\mt.exe /nologo /verbose /outputresource:"E:\iGraphics\iGraphics (tutorial)\200104046_Alistair Biswas\Debug\200104046_Alistair Biswas.exe;#1" /manifest "Debug\200104046_Alistair Biswas.exe.intermediate.manifest"
       FinalizeBuildStatus:
         Deleting file "Debug\200104046_Alistair Biswas.unsuccessfulbuild".
         Touching "Debug\200104046_Alistair Biswas.lastbuildstate".
     1>Done Building Project "E:\iGraphics\iGraphics (tutorial)\200104046_Alistair Biswas\200104046_Alistair Biswas\200104046_Alistair Biswas.vcxproj" (build target(s)).

Build succeeded.

Time Elapsed 00:00:01.00
